This file contains any messages produced by compilers while
running configure, to aid debugging if configure makes a mistake.

It was created by SZIP configure 2.1, which was
generated by GNU Autoconf 2.61.  Invocation command line was

  $ ./configure --prefix=/usr/clas12/third-party-libs/szip-2.1/x86_64

## --------- ##
## Platform. ##
## --------- ##

hostname = clonioc2.jlab.org
uname -m = x86_64
uname -r = 3.10.0-229.7.2.el7.x86_64
uname -s = Linux
uname -v = #1 SMP Fri May 15 21:38:46 EDT 2015

/usr/bin/uname -p = x86_64
/bin/uname -X     = unknown

/bin/arch              = x86_64
/usr/bin/arch -k       = unknown
/usr/convex/getsysinfo = unknown
/usr/bin/hostinfo      = unknown
/bin/machine           = unknown
/usr/bin/oslevel       = unknown
/bin/universe          = unknown

PATH: /usr/lib64/qt-3.3/bin
PATH: /home/wmoore/perl5/bin
PATH: /usr/local/bin
PATH: /usr/bin
PATH: /usr/local/sbin
PATH: /usr/sbin
PATH: /usr/clas12/R3.14.12.5/base/bin/linux-x86
PATH: /usr/clas12/R3.14.12.5/extensions/bin/linux-x86
PATH: /apps/root/5.34.21/bin
PATH: .
PATH: /usr/csite/certified/bin


## ----------- ##
## Core tests. ##
## ----------- ##

configure:1992: checking for a BSD-compatible install
configure:2048: result: /usr/bin/install -c
configure:2059: checking whether build environment is sane
configure:2102: result: yes
configure:2130: checking for a thread-safe mkdir -p
configure:2169: result: /usr/bin/mkdir -p
configure:2182: checking for gawk
configure:2198: found /usr/bin/gawk
configure:2209: result: gawk
configure:2220: checking whether make sets $(MAKE)
configure:2241: result: yes
configure:2429: checking whether to enable maintainer-specific portions of Makefiles
configure:2438: result: no
configure:2458: checking build system type
configure:2476: result: x86_64-unknown-linux-gnu
configure:2498: checking host system type
configure:2513: result: x86_64-unknown-linux-gnu
configure:2577: checking for config x86_64-unknown-linux-gnu
configure:2585: result: no
configure:2577: checking for config x86_64-unknown-linux-gnu
configure:2585: result: no
configure:2577: checking for config unknown-linux-gnu
configure:2585: result: no
configure:2577: checking for config unknown-linux-gnu
configure:2585: result: no
configure:2577: checking for config x86_64-linux-gnu
configure:2585: result: no
configure:2577: checking for config x86_64-linux-gnu
configure:2585: result: no
configure:2577: checking for config x86_64-unknown
configure:2585: result: no
configure:2577: checking for config linux-gnu
configure:2581: result: found
configure:2642: checking for gcc
configure:2669: result: gcc
configure:2907: checking for C compiler version
configure:2914: gcc --version >&5
gcc (GCC) 4.8.3 20140911 (Red Hat 4.8.3-9)
Copyright (C) 2013 Free Software Foundation, Inc.
This is free software; see the source for copying conditions.  There is NO
warranty; not even for MERCHANTABILITY or FITNESS FOR A PARTICULAR PURPOSE.

configure:2917: $? = 0
configure:2924: gcc -v >&5
Using built-in specs.
COLLECT_GCC=gcc
COLLECT_LTO_WRAPPER=/usr/libexec/gcc/x86_64-redhat-linux/4.8.3/lto-wrapper
Target: x86_64-redhat-linux
Configured with: ../configure --prefix=/usr --mandir=/usr/share/man --infodir=/usr/share/info --with-bugurl=http://bugzilla.redhat.com/bugzilla --enable-bootstrap --enable-shared --enable-threads=posix --enable-checking=release --with-system-zlib --enable-__cxa_atexit --disable-libunwind-exceptions --enable-gnu-unique-object --enable-linker-build-id --with-linker-hash-style=gnu --enable-languages=c,c++,objc,obj-c++,java,fortran,ada,go,lto --enable-plugin --enable-initfini-array --disable-libgcj --with-isl=/builddir/build/BUILD/gcc-4.8.3-20140911/obj-x86_64-redhat-linux/isl-install --with-cloog=/builddir/build/BUILD/gcc-4.8.3-20140911/obj-x86_64-redhat-linux/cloog-install --enable-gnu-indirect-function --with-tune=generic --with-arch_32=x86-64 --build=x86_64-redhat-linux
Thread model: posix
gcc version 4.8.3 20140911 (Red Hat 4.8.3-9) (GCC) 
configure:2927: $? = 0
configure:2934: gcc -V >&5
gcc: error: unrecognized command line option '-V'
gcc: fatal error: no input files
compilation terminated.
configure:2937: $? = 4
configure:2960: checking for C compiler default output file name
configure:2987: gcc   -ansi -pedantic -Wall -W -Wundef -Wshadow -Wpointer-arith -Wbad-function-cast -Wcast-qual -Wcast-align -Wwrite-strings -Wconversion -Wsign-compare -Waggregate-return -Wstrict-prototypes -Wmissing-prototypes -Wmissing-declarations -Wredundant-decls -Wnested-externs -Winline   conftest.c  >&5
conftest.c:12:1: warning: function declaration isn't a prototype [-Wstrict-prototypes]
 main ()
 ^
configure:2990: $? = 0
configure:3028: result: a.out
configure:3045: checking whether the C compiler works
configure:3055: ./a.out
configure:3058: $? = 0
configure:3075: result: yes
configure:3082: checking whether we are cross compiling
configure:3084: result: no
configure:3087: checking for suffix of executables
configure:3094: gcc -o conftest   -ansi -pedantic -Wall -W -Wundef -Wshadow -Wpointer-arith -Wbad-function-cast -Wcast-qual -Wcast-align -Wwrite-strings -Wconversion -Wsign-compare -Waggregate-return -Wstrict-prototypes -Wmissing-prototypes -Wmissing-declarations -Wredundant-decls -Wnested-externs -Winline   conftest.c  >&5
conftest.c:12:1: warning: function declaration isn't a prototype [-Wstrict-prototypes]
 main ()
 ^
configure:3097: $? = 0
configure:3121: result: 
configure:3127: checking for suffix of object files
configure:3153: gcc -c   -ansi -pedantic -Wall -W -Wundef -Wshadow -Wpointer-arith -Wbad-function-cast -Wcast-qual -Wcast-align -Wwrite-strings -Wconversion -Wsign-compare -Waggregate-return -Wstrict-prototypes -Wmissing-prototypes -Wmissing-declarations -Wredundant-decls -Wnested-externs -Winline  conftest.c >&5
conftest.c:12:1: warning: function declaration isn't a prototype [-Wstrict-prototypes]
 main ()
 ^
configure:3156: $? = 0
configure:3179: result: o
configure:3183: checking whether we are using the GNU C compiler
configure:3212: gcc -c   -ansi -pedantic -Wall -W -Wundef -Wshadow -Wpointer-arith -Wbad-function-cast -Wcast-qual -Wcast-align -Wwrite-strings -Wconversion -Wsign-compare -Waggregate-return -Wstrict-prototypes -Wmissing-prototypes -Wmissing-declarations -Wredundant-decls -Wnested-externs -Winline  conftest.c >&5
conftest.c:12:1: warning: function declaration isn't a prototype [-Wstrict-prototypes]
 main ()
 ^
configure:3218: $? = 0
configure:3235: result: yes
configure:3240: checking whether gcc accepts -g
configure:3270: gcc -c -g  conftest.c >&5
configure:3276: $? = 0
configure:3375: result: yes
configure:3392: checking for gcc option to accept ISO C89
configure:3466: gcc  -c   -ansi -pedantic -Wall -W -Wundef -Wshadow -Wpointer-arith -Wbad-function-cast -Wcast-qual -Wcast-align -Wwrite-strings -Wconversion -Wsign-compare -Waggregate-return -Wstrict-prototypes -Wmissing-prototypes -Wmissing-declarations -Wredundant-decls -Wnested-externs -Winline  conftest.c >&5
conftest.c:17:14: warning: function declaration isn't a prototype [-Wstrict-prototypes]
 static char *e (p, i)
              ^
conftest.c:54:1: warning: function declaration isn't a prototype [-Wstrict-prototypes]
 main ()
 ^
configure:3472: $? = 0
configure:3495: result: none needed
configure:3524: checking for style of include used by make
configure:3552: result: GNU
configure:3577: checking dependency style of gcc
configure:3668: result: gcc3
configure:3688: checking how to run the C preprocessor
configure:3728: gcc -E  conftest.c
configure:3734: $? = 0
configure:3765: gcc -E  conftest.c
conftest.c:10:28: fatal error: ac_nonexistent.h: No such file or directory
 #include <ac_nonexistent.h>
                            ^
compilation terminated.
configure:3771: $? = 1
configure: failed program was:
| /* confdefs.h.  */
| #define PACKAGE_NAME "SZIP"
| #define PACKAGE_TARNAME "szip"
| #define PACKAGE_VERSION "2.1"
| #define PACKAGE_STRING "SZIP 2.1"
| #define PACKAGE_BUGREPORT "help@hdfgroup.org"
| #define PACKAGE "szip"
| #define VERSION "2.1"
| /* end confdefs.h.  */
| #include <ac_nonexistent.h>
configure:3804: result: gcc -E
configure:3833: gcc -E  conftest.c
configure:3839: $? = 0
configure:3870: gcc -E  conftest.c
conftest.c:10:28: fatal error: ac_nonexistent.h: No such file or directory
 #include <ac_nonexistent.h>
                            ^
compilation terminated.
configure:3876: $? = 1
configure: failed program was:
| /* confdefs.h.  */
| #define PACKAGE_NAME "SZIP"
| #define PACKAGE_TARNAME "szip"
| #define PACKAGE_VERSION "2.1"
| #define PACKAGE_STRING "SZIP 2.1"
| #define PACKAGE_BUGREPORT "help@hdfgroup.org"
| #define PACKAGE "szip"
| #define VERSION "2.1"
| /* end confdefs.h.  */
| #include <ac_nonexistent.h>
configure:3926: checking for a BSD-compatible install
configure:3982: result: /usr/bin/install -c
configure:4007: checking for ar
configure:4023: found /usr/bin/ar
configure:4034: result: ar
configure:4051: checking whether make sets $(MAKE)
configure:4072: result: yes
configure:4155: checking for a sed that does not truncate output
configure:4209: result: /usr/bin/sed
configure:4212: checking for grep that handles long lines and -e
configure:4286: result: /usr/bin/grep
configure:4291: checking for egrep
configure:4369: result: /usr/bin/grep -E
configure:4385: checking for ld used by gcc
configure:4452: result: /usr/bin/ld
configure:4461: checking if the linker (/usr/bin/ld) is GNU ld
configure:4476: result: yes
configure:4481: checking for /usr/bin/ld option to reload object files
configure:4488: result: -r
configure:4506: checking for BSD-compatible nm
configure:4555: result: /usr/bin/nm -B
configure:4559: checking whether ln -s works
configure:4563: result: yes
configure:4570: checking how to recognise dependent libraries
configure:4746: result: pass_all
configure:4834: gcc -c   -ansi -pedantic -Wall -W -Wundef -Wshadow -Wpointer-arith -Wbad-function-cast -Wcast-qual -Wcast-align -Wwrite-strings -Wconversion -Wsign-compare -Waggregate-return -Wstrict-prototypes -Wmissing-prototypes -Wmissing-declarations -Wredundant-decls -Wnested-externs -Winline  conftest.c >&5
configure:4837: $? = 0
configure:4976: checking for ANSI C header files
configure:5006: gcc -c   -ansi -pedantic -Wall -W -Wundef -Wshadow -Wpointer-arith -Wbad-function-cast -Wcast-qual -Wcast-align -Wwrite-strings -Wconversion -Wsign-compare -Waggregate-return -Wstrict-prototypes -Wmissing-prototypes -Wmissing-declarations -Wredundant-decls -Wnested-externs -Winline  conftest.c >&5
conftest.c:16:1: warning: function declaration isn't a prototype [-Wstrict-prototypes]
 main ()
 ^
configure:5012: $? = 0
configure:5111: gcc -o conftest   -ansi -pedantic -Wall -W -Wundef -Wshadow -Wpointer-arith -Wbad-function-cast -Wcast-qual -Wcast-align -Wwrite-strings -Wconversion -Wsign-compare -Waggregate-return -Wstrict-prototypes -Wmissing-prototypes -Wmissing-declarations -Wredundant-decls -Wnested-externs -Winline   conftest.c  >&5
conftest.c:22:1: warning: function declaration isn't a prototype [-Wstrict-prototypes]
 main ()
 ^
configure:5114: $? = 0
configure:5120: ./conftest
configure:5123: $? = 0
configure:5140: result: yes
configure:5164: checking for sys/types.h
configure:5185: gcc -c   -ansi -pedantic -Wall -W -Wundef -Wshadow -Wpointer-arith -Wbad-function-cast -Wcast-qual -Wcast-align -Wwrite-strings -Wconversion -Wsign-compare -Waggregate-return -Wstrict-prototypes -Wmissing-prototypes -Wmissing-declarations -Wredundant-decls -Wnested-externs -Winline  conftest.c >&5
configure:5191: $? = 0
configure:5207: result: yes
configure:5164: checking for sys/stat.h
configure:5185: gcc -c   -ansi -pedantic -Wall -W -Wundef -Wshadow -Wpointer-arith -Wbad-function-cast -Wcast-qual -Wcast-align -Wwrite-strings -Wconversion -Wsign-compare -Waggregate-return -Wstrict-prototypes -Wmissing-prototypes -Wmissing-declarations -Wredundant-decls -Wnested-externs -Winline  conftest.c >&5
configure:5191: $? = 0
configure:5207: result: yes
configure:5164: checking for stdlib.h
configure:5185: gcc -c   -ansi -pedantic -Wall -W -Wundef -Wshadow -Wpointer-arith -Wbad-function-cast -Wcast-qual -Wcast-align -Wwrite-strings -Wconversion -Wsign-compare -Waggregate-return -Wstrict-prototypes -Wmissing-prototypes -Wmissing-declarations -Wredundant-decls -Wnested-externs -Winline  conftest.c >&5
configure:5191: $? = 0
configure:5207: result: yes
configure:5164: checking for string.h
configure:5185: gcc -c   -ansi -pedantic -Wall -W -Wundef -Wshadow -Wpointer-arith -Wbad-function-cast -Wcast-qual -Wcast-align -Wwrite-strings -Wconversion -Wsign-compare -Waggregate-return -Wstrict-prototypes -Wmissing-prototypes -Wmissing-declarations -Wredundant-decls -Wnested-externs -Winline  conftest.c >&5
configure:5191: $? = 0
configure:5207: result: yes
configure:5164: checking for memory.h
configure:5185: gcc -c   -ansi -pedantic -Wall -W -Wundef -Wshadow -Wpointer-arith -Wbad-function-cast -Wcast-qual -Wcast-align -Wwrite-strings -Wconversion -Wsign-compare -Waggregate-return -Wstrict-prototypes -Wmissing-prototypes -Wmissing-declarations -Wredundant-decls -Wnested-externs -Winline  conftest.c >&5
configure:5191: $? = 0
configure:5207: result: yes
configure:5164: checking for strings.h
configure:5185: gcc -c   -ansi -pedantic -Wall -W -Wundef -Wshadow -Wpointer-arith -Wbad-function-cast -Wcast-qual -Wcast-align -Wwrite-strings -Wconversion -Wsign-compare -Waggregate-return -Wstrict-prototypes -Wmissing-prototypes -Wmissing-declarations -Wredundant-decls -Wnested-externs -Winline  conftest.c >&5
configure:5191: $? = 0
configure:5207: result: yes
configure:5164: checking for inttypes.h
configure:5185: gcc -c   -ansi -pedantic -Wall -W -Wundef -Wshadow -Wpointer-arith -Wbad-function-cast -Wcast-qual -Wcast-align -Wwrite-strings -Wconversion -Wsign-compare -Waggregate-return -Wstrict-prototypes -Wmissing-prototypes -Wmissing-declarations -Wredundant-decls -Wnested-externs -Winline  conftest.c >&5
configure:5191: $? = 0
configure:5207: result: yes
configure:5164: checking for stdint.h
configure:5185: gcc -c   -ansi -pedantic -Wall -W -Wundef -Wshadow -Wpointer-arith -Wbad-function-cast -Wcast-qual -Wcast-align -Wwrite-strings -Wconversion -Wsign-compare -Waggregate-return -Wstrict-prototypes -Wmissing-prototypes -Wmissing-declarations -Wredundant-decls -Wnested-externs -Winline  conftest.c >&5
configure:5191: $? = 0
configure:5207: result: yes
configure:5164: checking for unistd.h
configure:5185: gcc -c   -ansi -pedantic -Wall -W -Wundef -Wshadow -Wpointer-arith -Wbad-function-cast -Wcast-qual -Wcast-align -Wwrite-strings -Wconversion -Wsign-compare -Waggregate-return -Wstrict-prototypes -Wmissing-prototypes -Wmissing-declarations -Wredundant-decls -Wnested-externs -Winline  conftest.c >&5
configure:5191: $? = 0
configure:5207: result: yes
configure:5234: checking dlfcn.h usability
configure:5251: gcc -c   -ansi -pedantic -Wall -W -Wundef -Wshadow -Wpointer-arith -Wbad-function-cast -Wcast-qual -Wcast-align -Wwrite-strings -Wconversion -Wsign-compare -Waggregate-return -Wstrict-prototypes -Wmissing-prototypes -Wmissing-declarations -Wredundant-decls -Wnested-externs -Winline  conftest.c >&5
configure:5257: $? = 0
configure:5271: result: yes
configure:5275: checking dlfcn.h presence
configure:5290: gcc -E  conftest.c
configure:5296: $? = 0
configure:5310: result: yes
configure:5343: checking for dlfcn.h
configure:5351: result: yes
configure:5422: checking for g++
configure:5438: found /usr/bin/g++
configure:5449: result: g++
configure:5480: checking for C++ compiler version
configure:5487: g++ --version >&5
g++ (GCC) 4.8.3 20140911 (Red Hat 4.8.3-9)
Copyright (C) 2013 Free Software Foundation, Inc.
This is free software; see the source for copying conditions.  There is NO
warranty; not even for MERCHANTABILITY or FITNESS FOR A PARTICULAR PURPOSE.

configure:5490: $? = 0
configure:5497: g++ -v >&5
Using built-in specs.
COLLECT_GCC=g++
COLLECT_LTO_WRAPPER=/usr/libexec/gcc/x86_64-redhat-linux/4.8.3/lto-wrapper
Target: x86_64-redhat-linux
Configured with: ../configure --prefix=/usr --mandir=/usr/share/man --infodir=/usr/share/info --with-bugurl=http://bugzilla.redhat.com/bugzilla --enable-bootstrap --enable-shared --enable-threads=posix --enable-checking=release --with-system-zlib --enable-__cxa_atexit --disable-libunwind-exceptions --enable-gnu-unique-object --enable-linker-build-id --with-linker-hash-style=gnu --enable-languages=c,c++,objc,obj-c++,java,fortran,ada,go,lto --enable-plugin --enable-initfini-array --disable-libgcj --with-isl=/builddir/build/BUILD/gcc-4.8.3-20140911/obj-x86_64-redhat-linux/isl-install --with-cloog=/builddir/build/BUILD/gcc-4.8.3-20140911/obj-x86_64-redhat-linux/cloog-install --enable-gnu-indirect-function --with-tune=generic --with-arch_32=x86-64 --build=x86_64-redhat-linux
Thread model: posix
gcc version 4.8.3 20140911 (Red Hat 4.8.3-9) (GCC) 
configure:5500: $? = 0
configure:5507: g++ -V >&5
g++: error: unrecognized command line option '-V'
g++: fatal error: no input files
compilation terminated.
configure:5510: $? = 4
configure:5513: checking whether we are using the GNU C++ compiler
configure:5542: g++ -c   conftest.cpp >&5
configure:5548: $? = 0
configure:5565: result: yes
configure:5570: checking whether g++ accepts -g
configure:5600: g++ -c -g  conftest.cpp >&5
configure:5606: $? = 0
configure:5705: result: yes
configure:5730: checking dependency style of g++
configure:5821: result: gcc3
configure:5846: checking how to run the C++ preprocessor
configure:5882: g++ -E  conftest.cpp
configure:5888: $? = 0
configure:5919: g++ -E  conftest.cpp
conftest.cpp:21:28: fatal error: ac_nonexistent.h: No such file or directory
 #include <ac_nonexistent.h>
                            ^
compilation terminated.
configure:5925: $? = 1
configure: failed program was:
| /* confdefs.h.  */
| #define PACKAGE_NAME "SZIP"
| #define PACKAGE_TARNAME "szip"
| #define PACKAGE_VERSION "2.1"
| #define PACKAGE_STRING "SZIP 2.1"
| #define PACKAGE_BUGREPORT "help@hdfgroup.org"
| #define PACKAGE "szip"
| #define VERSION "2.1"
| #define STDC_HEADERS 1
| #define HAVE_SYS_TYPES_H 1
| #define HAVE_SYS_STAT_H 1
| #define HAVE_STDLIB_H 1
| #define HAVE_STRING_H 1
| #define HAVE_MEMORY_H 1
| #define HAVE_STRINGS_H 1
| #define HAVE_INTTYPES_H 1
| #define HAVE_STDINT_H 1
| #define HAVE_UNISTD_H 1
| #define HAVE_DLFCN_H 1
| /* end confdefs.h.  */
| #include <ac_nonexistent.h>
configure:5958: result: g++ -E
configure:5987: g++ -E  conftest.cpp
configure:5993: $? = 0
configure:6024: g++ -E  conftest.cpp
conftest.cpp:21:28: fatal error: ac_nonexistent.h: No such file or directory
 #include <ac_nonexistent.h>
                            ^
compilation terminated.
configure:6030: $? = 1
configure: failed program was:
| /* confdefs.h.  */
| #define PACKAGE_NAME "SZIP"
| #define PACKAGE_TARNAME "szip"
| #define PACKAGE_VERSION "2.1"
| #define PACKAGE_STRING "SZIP 2.1"
| #define PACKAGE_BUGREPORT "help@hdfgroup.org"
| #define PACKAGE "szip"
| #define VERSION "2.1"
| #define STDC_HEADERS 1
| #define HAVE_SYS_TYPES_H 1
| #define HAVE_SYS_STAT_H 1
| #define HAVE_STDLIB_H 1
| #define HAVE_STRING_H 1
| #define HAVE_MEMORY_H 1
| #define HAVE_STRINGS_H 1
| #define HAVE_INTTYPES_H 1
| #define HAVE_STDINT_H 1
| #define HAVE_UNISTD_H 1
| #define HAVE_DLFCN_H 1
| /* end confdefs.h.  */
| #include <ac_nonexistent.h>
configure:6123: checking for g77
configure:6153: result: no
configure:6123: checking for xlf
configure:6153: result: no
configure:6123: checking for f77
configure:6153: result: no
configure:6123: checking for frt
configure:6153: result: no
configure:6123: checking for pgf77
configure:6153: result: no
configure:6123: checking for cf77
configure:6153: result: no
configure:6123: checking for fort77
configure:6153: result: no
configure:6123: checking for fl32
configure:6153: result: no
configure:6123: checking for af77
configure:6153: result: no
configure:6123: checking for xlf90
configure:6153: result: no
configure:6123: checking for f90
configure:6153: result: no
configure:6123: checking for pgf90
configure:6153: result: no
configure:6123: checking for pghpf
configure:6153: result: no
configure:6123: checking for epcf90
configure:6153: result: no
configure:6123: checking for gfortran
configure:6139: found /usr/bin/gfortran
configure:6150: result: gfortran
configure:6180: checking for Fortran 77 compiler version
configure:6187: gfortran --version >&5
GNU Fortran (GCC) 4.8.3 20140911 (Red Hat 4.8.3-9)
Copyright (C) 2013 Free Software Foundation, Inc.

GNU Fortran comes with NO WARRANTY, to the extent permitted by law.
You may redistribute copies of GNU Fortran
under the terms of the GNU General Public License.
For more information about these matters, see the file named COPYING

configure:6190: $? = 0
configure:6197: gfortran -v >&5
Using built-in specs.
COLLECT_GCC=gfortran
COLLECT_LTO_WRAPPER=/usr/libexec/gcc/x86_64-redhat-linux/4.8.3/lto-wrapper
Target: x86_64-redhat-linux
Configured with: ../configure --prefix=/usr --mandir=/usr/share/man --infodir=/usr/share/info --with-bugurl=http://bugzilla.redhat.com/bugzilla --enable-bootstrap --enable-shared --enable-threads=posix --enable-checking=release --with-system-zlib --enable-__cxa_atexit --disable-libunwind-exceptions --enable-gnu-unique-object --enable-linker-build-id --with-linker-hash-style=gnu --enable-languages=c,c++,objc,obj-c++,java,fortran,ada,go,lto --enable-plugin --enable-initfini-array --disable-libgcj --with-isl=/builddir/build/BUILD/gcc-4.8.3-20140911/obj-x86_64-redhat-linux/isl-install --with-cloog=/builddir/build/BUILD/gcc-4.8.3-20140911/obj-x86_64-redhat-linux/cloog-install --enable-gnu-indirect-function --with-tune=generic --with-arch_32=x86-64 --build=x86_64-redhat-linux
Thread model: posix
gcc version 4.8.3 20140911 (Red Hat 4.8.3-9) (GCC) 
configure:6200: $? = 0
configure:6207: gfortran -V >&5
gfortran: error: unrecognized command line option '-V'
gfortran: fatal error: no input files
compilation terminated.
configure:6210: $? = 4
configure:6218: checking whether we are using the GNU Fortran 77 compiler
configure:6237: gfortran -c  conftest.F >&5
configure:6243: $? = 0
configure:6260: result: yes
configure:6266: checking whether gfortran accepts -g
configure:6283: gfortran -c -g conftest.f >&5
configure:6289: $? = 0
configure:6305: result: yes
configure:6335: checking the maximum length of command line arguments
configure:6444: result: 32768
configure:6455: checking command to parse /usr/bin/nm -B output from gcc object
configure:6560: gcc -c   -ansi -pedantic -Wall -W -Wundef -Wshadow -Wpointer-arith -Wbad-function-cast -Wcast-qual -Wcast-align -Wwrite-strings -Wconversion -Wsign-compare -Waggregate-return -Wstrict-prototypes -Wmissing-prototypes -Wmissing-declarations -Wredundant-decls -Wnested-externs -Winline  conftest.c >&5
conftest.c:5:6: warning: function declaration isn't a prototype [-Wstrict-prototypes]
 void nm_test_func(){}
      ^
conftest.c:9:5: warning: function declaration isn't a prototype [-Wstrict-prototypes]
 int main(){nm_test_var='a';nm_test_func();return(0);}
     ^
configure:6563: $? = 0
configure:6567: /usr/bin/nm -B conftest.o \| sed -n -e 's/^.*[ 	]\([ABCDGIRSTW][ABCDGIRSTW]*\)[ 	][ 	]*\([_A-Za-z][_A-Za-z0-9]*\)$/\1 \2 \2/p' \> conftest.nm
configure:6570: $? = 0
configure:6622: gcc -o conftest   -ansi -pedantic -Wall -W -Wundef -Wshadow -Wpointer-arith -Wbad-function-cast -Wcast-qual -Wcast-align -Wwrite-strings -Wconversion -Wsign-compare -Waggregate-return -Wstrict-prototypes -Wmissing-prototypes -Wmissing-declarations -Wredundant-decls -Wnested-externs -Winline   conftest.c conftstm.o >&5
configure:6625: $? = 0
configure:6663: result: ok
configure:6667: checking for objdir
configure:6682: result: .libs
configure:6870: checking for ranlib
configure:6886: found /usr/bin/ranlib
configure:6897: result: ranlib
configure:6966: checking for strip
configure:6982: found /usr/bin/strip
configure:6993: result: strip
configure:7279: checking if gcc supports -fno-rtti -fno-exceptions
configure:7297: gcc -c   -ansi -pedantic -Wall -W -Wundef -Wshadow -Wpointer-arith -Wbad-function-cast -Wcast-qual -Wcast-align -Wwrite-strings -Wconversion -Wsign-compare -Waggregate-return -Wstrict-prototypes -Wmissing-prototypes -Wmissing-declarations -Wredundant-decls -Wnested-externs -Winline  -fno-rtti -fno-exceptions conftest.c >&5
cc1: warning: command line option '-fno-rtti' is valid for C++/ObjC++ but not for C [enabled by default]
configure:7301: $? = 0
configure:7314: result: no
configure:7329: checking for gcc option to produce PIC
configure:7539: result: -fPIC
configure:7547: checking if gcc PIC flag -fPIC works
configure:7565: gcc -c   -ansi -pedantic -Wall -W -Wundef -Wshadow -Wpointer-arith -Wbad-function-cast -Wcast-qual -Wcast-align -Wwrite-strings -Wconversion -Wsign-compare -Waggregate-return -Wstrict-prototypes -Wmissing-prototypes -Wmissing-declarations -Wredundant-decls -Wnested-externs -Winline  -fPIC -DPIC conftest.c >&5
configure:7569: $? = 0
configure:7582: result: yes
configure:7610: checking if gcc static flag -static works
configure:7638: result: no
configure:7648: checking if gcc supports -c -o file.o
configure:7669: gcc -c   -ansi -pedantic -Wall -W -Wundef -Wshadow -Wpointer-arith -Wbad-function-cast -Wcast-qual -Wcast-align -Wwrite-strings -Wconversion -Wsign-compare -Waggregate-return -Wstrict-prototypes -Wmissing-prototypes -Wmissing-declarations -Wredundant-decls -Wnested-externs -Winline  -o out/conftest2.o conftest.c >&5
configure:7673: $? = 0
configure:7695: result: yes
configure:7721: checking whether the gcc linker (/usr/bin/ld -m elf_x86_64) supports shared libraries
configure:8675: result: yes
configure:8696: checking whether -lc should be explicitly linked in
configure:8701: gcc -c   -ansi -pedantic -Wall -W -Wundef -Wshadow -Wpointer-arith -Wbad-function-cast -Wcast-qual -Wcast-align -Wwrite-strings -Wconversion -Wsign-compare -Waggregate-return -Wstrict-prototypes -Wmissing-prototypes -Wmissing-declarations -Wredundant-decls -Wnested-externs -Winline  conftest.c >&5
configure:8704: $? = 0
configure:8719: gcc -shared conftest.o  -v -Wl,-soname -Wl,conftest -o conftest 2\>\&1 \| grep  -lc  \>/dev/null 2\>\&1
configure:8722: $? = 0
configure:8734: result: no
configure:8742: checking dynamic linker characteristics
configure:9330: result: GNU/Linux ld.so
configure:9339: checking how to hardcode library paths into programs
configure:9364: result: immediate
configure:9378: checking whether stripping libraries is possible
configure:9383: result: yes
configure:9506: checking for shl_load
configure:9562: gcc -o conftest   -ansi -pedantic -Wall -W -Wundef -Wshadow -Wpointer-arith -Wbad-function-cast -Wcast-qual -Wcast-align -Wwrite-strings -Wconversion -Wsign-compare -Waggregate-return -Wstrict-prototypes -Wmissing-prototypes -Wmissing-declarations -Wredundant-decls -Wnested-externs -Winline   conftest.c  >&5
conftest.c:44:1: warning: function declaration isn't a prototype [-Wstrict-prototypes]
 char shl_load ();
 ^
conftest.c:53:1: warning: function declaration isn't a prototype [-Wstrict-prototypes]
 main ()
 ^
/tmp/ccdv1KJb.o: In function `main':
conftest.c:(.text+0xa): undefined reference to `shl_load'
collect2: error: ld returned 1 exit status
configure:9568: $? = 1
configure: failed program was:
| /* confdefs.h.  */
| #define PACKAGE_NAME "SZIP"
| #define PACKAGE_TARNAME "szip"
| #define PACKAGE_VERSION "2.1"
| #define PACKAGE_STRING "SZIP 2.1"
| #define PACKAGE_BUGREPORT "help@hdfgroup.org"
| #define PACKAGE "szip"
| #define VERSION "2.1"
| #define STDC_HEADERS 1
| #define HAVE_SYS_TYPES_H 1
| #define HAVE_SYS_STAT_H 1
| #define HAVE_STDLIB_H 1
| #define HAVE_STRING_H 1
| #define HAVE_MEMORY_H 1
| #define HAVE_STRINGS_H 1
| #define HAVE_INTTYPES_H 1
| #define HAVE_STDINT_H 1
| #define HAVE_UNISTD_H 1
| #define HAVE_DLFCN_H 1
| /* end confdefs.h.  */
| /* Define shl_load to an innocuous variant, in case <limits.h> declares shl_load.
|    For example, HP-UX 11i <limits.h> declares gettimeofday.  */
| #define shl_load innocuous_shl_load
| 
| /* System header to define __stub macros and hopefully few prototypes,
|     which can conflict with char shl_load (); below.
|     Prefer <limits.h> to <assert.h> if __STDC__ is defined, since
|     <limits.h> exists even on freestanding compilers.  */
| 
| #ifdef __STDC__
| # include <limits.h>
| #else
| # include <assert.h>
| #endif
| 
| #undef shl_load
| 
| /* Override any GCC internal prototype to avoid an error.
|    Use char because int might match the return type of a GCC
|    builtin and then its argument prototype would still apply.  */
| #ifdef __cplusplus
| extern "C"
| #endif
| char shl_load ();
| /* The GNU C library defines this for functions which it implements
|     to always fail with ENOSYS.  Some functions are actually named
|     something starting with __ and the normal name is an alias.  */
| #if defined __stub_shl_load || defined __stub___shl_load
| choke me
| #endif
| 
| int
| main ()
| {
| return shl_load ();
|   ;
|   return 0;
| }
configure:9585: result: no
configure:9590: checking for shl_load in -ldld
configure:9625: gcc -o conftest   -ansi -pedantic -Wall -W -Wundef -Wshadow -Wpointer-arith -Wbad-function-cast -Wcast-qual -Wcast-align -Wwrite-strings -Wconversion -Wsign-compare -Waggregate-return -Wstrict-prototypes -Wmissing-prototypes -Wmissing-declarations -Wredundant-decls -Wnested-externs -Winline   conftest.c -ldld   >&5
conftest.c:28:1: warning: function declaration isn't a prototype [-Wstrict-prototypes]
 char shl_load ();
 ^
conftest.c:30:1: warning: function declaration isn't a prototype [-Wstrict-prototypes]
 main ()
 ^
/usr/bin/ld: cannot find -ldld
collect2: error: ld returned 1 exit status
configure:9631: $? = 1
configure: failed program was:
| /* confdefs.h.  */
| #define PACKAGE_NAME "SZIP"
| #define PACKAGE_TARNAME "szip"
| #define PACKAGE_VERSION "2.1"
| #define PACKAGE_STRING "SZIP 2.1"
| #define PACKAGE_BUGREPORT "help@hdfgroup.org"
| #define PACKAGE "szip"
| #define VERSION "2.1"
| #define STDC_HEADERS 1
| #define HAVE_SYS_TYPES_H 1
| #define HAVE_SYS_STAT_H 1
| #define HAVE_STDLIB_H 1
| #define HAVE_STRING_H 1
| #define HAVE_MEMORY_H 1
| #define HAVE_STRINGS_H 1
| #define HAVE_INTTYPES_H 1
| #define HAVE_STDINT_H 1
| #define HAVE_UNISTD_H 1
| #define HAVE_DLFCN_H 1
| /* end confdefs.h.  */
| 
| /* Override any GCC internal prototype to avoid an error.
|    Use char because int might match the return type of a GCC
|    builtin and then its argument prototype would still apply.  */
| #ifdef __cplusplus
| extern "C"
| #endif
| char shl_load ();
| int
| main ()
| {
| return shl_load ();
|   ;
|   return 0;
| }
configure:9649: result: no
configure:9654: checking for dlopen
configure:9710: gcc -o conftest   -ansi -pedantic -Wall -W -Wundef -Wshadow -Wpointer-arith -Wbad-function-cast -Wcast-qual -Wcast-align -Wwrite-strings -Wconversion -Wsign-compare -Waggregate-return -Wstrict-prototypes -Wmissing-prototypes -Wmissing-declarations -Wredundant-decls -Wnested-externs -Winline   conftest.c  >&5
conftest.c:44:1: warning: function declaration isn't a prototype [-Wstrict-prototypes]
 char dlopen ();
 ^
conftest.c:53:1: warning: function declaration isn't a prototype [-Wstrict-prototypes]
 main ()
 ^
/tmp/cc4Crkie.o: In function `main':
conftest.c:(.text+0xa): undefined reference to `dlopen'
collect2: error: ld returned 1 exit status
configure:9716: $? = 1
configure: failed program was:
| /* confdefs.h.  */
| #define PACKAGE_NAME "SZIP"
| #define PACKAGE_TARNAME "szip"
| #define PACKAGE_VERSION "2.1"
| #define PACKAGE_STRING "SZIP 2.1"
| #define PACKAGE_BUGREPORT "help@hdfgroup.org"
| #define PACKAGE "szip"
| #define VERSION "2.1"
| #define STDC_HEADERS 1
| #define HAVE_SYS_TYPES_H 1
| #define HAVE_SYS_STAT_H 1
| #define HAVE_STDLIB_H 1
| #define HAVE_STRING_H 1
| #define HAVE_MEMORY_H 1
| #define HAVE_STRINGS_H 1
| #define HAVE_INTTYPES_H 1
| #define HAVE_STDINT_H 1
| #define HAVE_UNISTD_H 1
| #define HAVE_DLFCN_H 1
| /* end confdefs.h.  */
| /* Define dlopen to an innocuous variant, in case <limits.h> declares dlopen.
|    For example, HP-UX 11i <limits.h> declares gettimeofday.  */
| #define dlopen innocuous_dlopen
| 
| /* System header to define __stub macros and hopefully few prototypes,
|     which can conflict with char dlopen (); below.
|     Prefer <limits.h> to <assert.h> if __STDC__ is defined, since
|     <limits.h> exists even on freestanding compilers.  */
| 
| #ifdef __STDC__
| # include <limits.h>
| #else
| # include <assert.h>
| #endif
| 
| #undef dlopen
| 
| /* Override any GCC internal prototype to avoid an error.
|    Use char because int might match the return type of a GCC
|    builtin and then its argument prototype would still apply.  */
| #ifdef __cplusplus
| extern "C"
| #endif
| char dlopen ();
| /* The GNU C library defines this for functions which it implements
|     to always fail with ENOSYS.  Some functions are actually named
|     something starting with __ and the normal name is an alias.  */
| #if defined __stub_dlopen || defined __stub___dlopen
| choke me
| #endif
| 
| int
| main ()
| {
| return dlopen ();
|   ;
|   return 0;
| }
configure:9733: result: no
configure:9738: checking for dlopen in -ldl
configure:9773: gcc -o conftest   -ansi -pedantic -Wall -W -Wundef -Wshadow -Wpointer-arith -Wbad-function-cast -Wcast-qual -Wcast-align -Wwrite-strings -Wconversion -Wsign-compare -Waggregate-return -Wstrict-prototypes -Wmissing-prototypes -Wmissing-declarations -Wredundant-decls -Wnested-externs -Winline   conftest.c -ldl   >&5
conftest.c:28:1: warning: function declaration isn't a prototype [-Wstrict-prototypes]
 char dlopen ();
 ^
conftest.c:30:1: warning: function declaration isn't a prototype [-Wstrict-prototypes]
 main ()
 ^
configure:9779: $? = 0
configure:9797: result: yes
configure:9966: checking whether a program can dlopen itself
configure:10040: gcc -o conftest   -ansi -pedantic -Wall -W -Wundef -Wshadow -Wpointer-arith -Wbad-function-cast -Wcast-qual -Wcast-align -Wwrite-strings -Wconversion -Wsign-compare -Waggregate-return -Wstrict-prototypes -Wmissing-prototypes -Wmissing-declarations -Wredundant-decls -Wnested-externs -Winline  -DHAVE_DLFCN_H  -Wl,--export-dynamic conftest.c -ldl  >&5
configure:10021:6: warning: function declaration isn't a prototype [-Wstrict-prototypes]
 
      ^
configure: In function 'fnord':
configure:10021:20: warning: unused variable 'i' [-Wunused-variable]
 
                    ^
configure: At top level:
configure:10022:5: warning: function declaration isn't a prototype [-Wstrict-prototypes]
 void fnord() { int i=42;}
     ^
configure: In function 'main':
configure:10036:5: warning: implicit declaration of function 'exit' [-Wimplicit-function-declaration]
 
     ^
configure:10036:5: warning: incompatible implicit declaration of built-in function 'exit' [enabled by default]
configure:10043: $? = 0
configure:10061: result: yes
configure:10066: checking whether a statically linked program can dlopen itself
configure:10140: gcc -o conftest   -ansi -pedantic -Wall -W -Wundef -Wshadow -Wpointer-arith -Wbad-function-cast -Wcast-qual -Wcast-align -Wwrite-strings -Wconversion -Wsign-compare -Waggregate-return -Wstrict-prototypes -Wmissing-prototypes -Wmissing-declarations -Wredundant-decls -Wnested-externs -Winline  -DHAVE_DLFCN_H  -Wl,--export-dynamic  conftest.c -ldl  >&5
configure:10121:6: warning: function declaration isn't a prototype [-Wstrict-prototypes]
 
      ^
configure: In function 'fnord':
configure:10121:20: warning: unused variable 'i' [-Wunused-variable]
 
                    ^
configure: At top level:
configure:10122:5: warning: function declaration isn't a prototype [-Wstrict-prototypes]
 void fnord() { int i=42;}
     ^
configure: In function 'main':
configure:10136:5: warning: implicit declaration of function 'exit' [-Wimplicit-function-declaration]
 
     ^
configure:10136:5: warning: incompatible implicit declaration of built-in function 'exit' [enabled by default]
configure:10143: $? = 0
configure:10161: result: yes
configure:10184: checking if libtool supports shared libraries
configure:10186: result: yes
configure:10189: checking whether to build shared libraries
configure:10210: result: yes
configure:10213: checking whether to build static libraries
configure:10217: result: yes
configure:10309: creating libtool
configure:10897: checking for ld used by g++
configure:10964: result: /usr/bin/ld -m elf_x86_64
configure:10973: checking if the linker (/usr/bin/ld -m elf_x86_64) is GNU ld
configure:10988: result: yes
configure:11039: checking whether the g++ linker (/usr/bin/ld -m elf_x86_64) supports shared libraries
configure:11973: result: yes
configure:11991: g++ -c -g -O2  conftest.cpp >&5
configure:11994: $? = 0
configure:12113: checking for g++ option to produce PIC
configure:12387: result: -fPIC
configure:12395: checking if g++ PIC flag -fPIC works
configure:12413: g++ -c -g -O2  -fPIC -DPIC conftest.cpp >&5
configure:12417: $? = 0
configure:12430: result: yes
configure:12458: checking if g++ static flag -static works
configure:12486: result: no
configure:12496: checking if g++ supports -c -o file.o
configure:12517: g++ -c -g -O2  -o out/conftest2.o conftest.cpp >&5
configure:12521: $? = 0
configure:12543: result: yes
configure:12569: checking whether the g++ linker (/usr/bin/ld -m elf_x86_64) supports shared libraries
configure:12594: result: yes
configure:12661: checking dynamic linker characteristics
configure:13249: result: GNU/Linux ld.so
configure:13258: checking how to hardcode library paths into programs
configure:13283: result: immediate
configure:13809: checking if libtool supports shared libraries
configure:13811: result: yes
configure:13814: checking whether to build shared libraries
configure:13834: result: yes
configure:13837: checking whether to build static libraries
configure:13841: result: yes
configure:13851: checking for gfortran option to produce PIC
configure:14061: result: -fPIC
configure:14069: checking if gfortran PIC flag -fPIC works
configure:14087: gfortran -c -g -O2 -fPIC conftest.f >&5
configure:14091: $? = 0
configure:14104: result: yes
configure:14132: checking if gfortran static flag -static works
configure:14160: result: no
configure:14170: checking if gfortran supports -c -o file.o
configure:14191: gfortran -c -g -O2 -o out/conftest2.o conftest.f >&5
configure:14195: $? = 0
configure:14217: result: yes
configure:14243: checking whether the gfortran linker (/usr/bin/ld -m elf_x86_64) supports shared libraries
configure:15177: result: yes
configure:15244: checking dynamic linker characteristics
configure:15832: result: GNU/Linux ld.so
configure:15841: checking how to hardcode library paths into programs
configure:15866: result: immediate
configure:19444: checking for build mode
configure:19454: result: production
configure:19487: checking for math library support
configure:19510: gcc -o conftest  -ansi -pedantic -Wall -W -Wundef -Wshadow -Wpointer-arith -Wbad-function-cast -Wcast-qual -Wcast-align -Wwrite-strings -Wconversion -Wsign-compare -Waggregate-return -Wstrict-prototypes -Wmissing-prototypes -Wmissing-declarations -Wredundant-decls -Wnested-externs -Winline -O -fomit-frame-pointer -finline-functions    conftest.c  >&5
conftest.c:23:1: warning: function declaration isn't a prototype [-Wstrict-prototypes]
 main ()
 ^
conftest.c: In function 'main':
conftest.c:25:10: warning: type defaults to 'int' in declaration of 'x' [-Wimplicit-int]
 volatile x = 37.927; k=1.2; sinh(x*k/cosh(x/k)
          ^
conftest.c:25:1: warning: conversion to 'int' alters 'double' constant value [-Wconversion]
 volatile x = 37.927; k=1.2; sinh(x*k/cosh(x/k)
 ^
conftest.c:25:22: error: 'k' undeclared (first use in this function)
 volatile x = 37.927; k=1.2; sinh(x*k/cosh(x/k)
                      ^
conftest.c:25:22: note: each undeclared identifier is reported only once for each function it appears in
conftest.c:26:3: error: expected ')' before ';' token
   ;
   ^
conftest.c:28:1: error: expected ';' before '}' token
 }
 ^
conftest.c:28:1: warning: control reaches end of non-void function [-Wreturn-type]
 }
 ^
configure:19516: $? = 1
configure: failed program was:
| /* confdefs.h.  */
| #define PACKAGE_NAME "SZIP"
| #define PACKAGE_TARNAME "szip"
| #define PACKAGE_VERSION "2.1"
| #define PACKAGE_STRING "SZIP 2.1"
| #define PACKAGE_BUGREPORT "help@hdfgroup.org"
| #define PACKAGE "szip"
| #define VERSION "2.1"
| #define STDC_HEADERS 1
| #define HAVE_SYS_TYPES_H 1
| #define HAVE_SYS_STAT_H 1
| #define HAVE_STDLIB_H 1
| #define HAVE_STRING_H 1
| #define HAVE_MEMORY_H 1
| #define HAVE_STRINGS_H 1
| #define HAVE_INTTYPES_H 1
| #define HAVE_STDINT_H 1
| #define HAVE_UNISTD_H 1
| #define HAVE_DLFCN_H 1
| /* end confdefs.h.  */
| #include <math.h>
| int
| main ()
| {
| volatile x = 37.927; k=1.2; sinh(x*k/cosh(x/k)
|   ;
|   return 0;
| }
configure:19528: result: no
configure:19539: checking for ANSI C header files
configure:19703: result: yes
configure:19730: checking fcntl.h usability
configure:19747: gcc -c  -ansi -pedantic -Wall -W -Wundef -Wshadow -Wpointer-arith -Wbad-function-cast -Wcast-qual -Wcast-align -Wwrite-strings -Wconversion -Wsign-compare -Waggregate-return -Wstrict-prototypes -Wmissing-prototypes -Wmissing-declarations -Wredundant-decls -Wnested-externs -Winline -O -fomit-frame-pointer -finline-functions   conftest.c >&5
configure:19753: $? = 0
configure:19767: result: yes
configure:19771: checking fcntl.h presence
configure:19786: gcc -E   conftest.c
configure:19792: $? = 0
configure:19806: result: yes
configure:19839: checking for fcntl.h
configure:19847: result: yes
configure:19720: checking for stdlib.h
configure:19726: result: yes
configure:19720: checking for string.h
configure:19726: result: yes
configure:19862: checking for an ANSI C-conforming const
configure:19937: gcc -c  -ansi -pedantic -Wall -W -Wundef -Wshadow -Wpointer-arith -Wbad-function-cast -Wcast-qual -Wcast-align -Wwrite-strings -Wconversion -Wsign-compare -Waggregate-return -Wstrict-prototypes -Wmissing-prototypes -Wmissing-declarations -Wredundant-decls -Wnested-externs -Winline -O -fomit-frame-pointer -finline-functions   conftest.c >&5
conftest.c:27:1: warning: function declaration isn't a prototype [-Wstrict-prototypes]
 main ()
 ^
conftest.c: In function 'main':
conftest.c:48:9: warning: cast discards '__attribute__((const))' qualifier from pointer target type [-Wcast-qual]
   ppc = (char**) pcpcc;
         ^
conftest.c:54:7: warning: 't' is used uninitialized in this function [-Wuninitialized]
     *t++ = 0;
       ^
conftest.c:76:13: warning: 'cs[0]' is used uninitialized in this function [-Wuninitialized]
   return !cs[0] && !zero.x;
             ^
configure:19943: $? = 0
configure:19958: result: yes
configure:19968: checking for size_t
configure:19998: gcc -c  -ansi -pedantic -Wall -W -Wundef -Wshadow -Wpointer-arith -Wbad-function-cast -Wcast-qual -Wcast-align -Wwrite-strings -Wconversion -Wsign-compare -Waggregate-return -Wstrict-prototypes -Wmissing-prototypes -Wmissing-declarations -Wredundant-decls -Wnested-externs -Winline -O -fomit-frame-pointer -finline-functions   conftest.c >&5
conftest.c:60:1: warning: function declaration isn't a prototype [-Wstrict-prototypes]
 main ()
 ^
configure:20004: $? = 0
configure:20019: result: yes
configure:20033: checking for error_at_line
configure:20059: gcc -o conftest  -ansi -pedantic -Wall -W -Wundef -Wshadow -Wpointer-arith -Wbad-function-cast -Wcast-qual -Wcast-align -Wwrite-strings -Wconversion -Wsign-compare -Waggregate-return -Wstrict-prototypes -Wmissing-prototypes -Wmissing-declarations -Wredundant-decls -Wnested-externs -Winline -O -fomit-frame-pointer -finline-functions    conftest.c  -lm >&5
conftest.c:27:1: warning: function declaration isn't a prototype [-Wstrict-prototypes]
 main ()
 ^
configure:20065: $? = 0
configure:20082: result: yes
configure:20094: checking for working memcmp
configure:20147: gcc -o conftest  -ansi -pedantic -Wall -W -Wundef -Wshadow -Wpointer-arith -Wbad-function-cast -Wcast-qual -Wcast-align -Wwrite-strings -Wconversion -Wsign-compare -Waggregate-return -Wstrict-prototypes -Wmissing-prototypes -Wmissing-declarations -Wredundant-decls -Wnested-externs -Winline -O -fomit-frame-pointer -finline-functions    conftest.c  -lm >&5
conftest.c:59:1: warning: function declaration isn't a prototype [-Wstrict-prototypes]
 main ()
 ^
configure:20150: $? = 0
configure:20156: ./conftest
configure:20159: $? = 0
configure:20175: result: yes
configure:20188: checking for vprintf
configure:20244: gcc -o conftest  -ansi -pedantic -Wall -W -Wundef -Wshadow -Wpointer-arith -Wbad-function-cast -Wcast-qual -Wcast-align -Wwrite-strings -Wconversion -Wsign-compare -Waggregate-return -Wstrict-prototypes -Wmissing-prototypes -Wmissing-declarations -Wredundant-decls -Wnested-externs -Winline -O -fomit-frame-pointer -finline-functions    conftest.c  -lm >&5
conftest.c:48:1: warning: function declaration isn't a prototype [-Wstrict-prototypes]
 char vprintf ();
 ^
conftest.c:48:6: warning: conflicting types for built-in function 'vprintf' [enabled by default]
 char vprintf ();
      ^
conftest.c:57:1: warning: function declaration isn't a prototype [-Wstrict-prototypes]
 main ()
 ^
configure:20250: $? = 0
configure:20268: result: yes
configure:20275: checking for _doprnt
configure:20331: gcc -o conftest  -ansi -pedantic -Wall -W -Wundef -Wshadow -Wpointer-arith -Wbad-function-cast -Wcast-qual -Wcast-align -Wwrite-strings -Wconversion -Wsign-compare -Waggregate-return -Wstrict-prototypes -Wmissing-prototypes -Wmissing-declarations -Wredundant-decls -Wnested-externs -Winline -O -fomit-frame-pointer -finline-functions    conftest.c  -lm >&5
conftest.c:49:1: warning: function declaration isn't a prototype [-Wstrict-prototypes]
 char _doprnt ();
 ^
conftest.c:58:1: warning: function declaration isn't a prototype [-Wstrict-prototypes]
 main ()
 ^
/tmp/ccC769e4.o: In function `main':
conftest.c:(.text+0xa): undefined reference to `_doprnt'
collect2: error: ld returned 1 exit status
configure:20337: $? = 1
configure: failed program was:
| /* confdefs.h.  */
| #define PACKAGE_NAME "SZIP"
| #define PACKAGE_TARNAME "szip"
| #define PACKAGE_VERSION "2.1"
| #define PACKAGE_STRING "SZIP 2.1"
| #define PACKAGE_BUGREPORT "help@hdfgroup.org"
| #define PACKAGE "szip"
| #define VERSION "2.1"
| #define STDC_HEADERS 1
| #define HAVE_SYS_TYPES_H 1
| #define HAVE_SYS_STAT_H 1
| #define HAVE_STDLIB_H 1
| #define HAVE_STRING_H 1
| #define HAVE_MEMORY_H 1
| #define HAVE_STRINGS_H 1
| #define HAVE_INTTYPES_H 1
| #define HAVE_STDINT_H 1
| #define HAVE_UNISTD_H 1
| #define HAVE_DLFCN_H 1
| #define STDC_HEADERS 1
| #define HAVE_FCNTL_H 1
| #define HAVE_STDLIB_H 1
| #define HAVE_STRING_H 1
| #define HAVE_VPRINTF 1
| /* end confdefs.h.  */
| /* Define _doprnt to an innocuous variant, in case <limits.h> declares _doprnt.
|    For example, HP-UX 11i <limits.h> declares gettimeofday.  */
| #define _doprnt innocuous__doprnt
| 
| /* System header to define __stub macros and hopefully few prototypes,
|     which can conflict with char _doprnt (); below.
|     Prefer <limits.h> to <assert.h> if __STDC__ is defined, since
|     <limits.h> exists even on freestanding compilers.  */
| 
| #ifdef __STDC__
| # include <limits.h>
| #else
| # include <assert.h>
| #endif
| 
| #undef _doprnt
| 
| /* Override any GCC internal prototype to avoid an error.
|    Use char because int might match the return type of a GCC
|    builtin and then its argument prototype would still apply.  */
| #ifdef __cplusplus
| extern "C"
| #endif
| char _doprnt ();
| /* The GNU C library defines this for functions which it implements
|     to always fail with ENOSYS.  Some functions are actually named
|     something starting with __ and the normal name is an alias.  */
| #if defined __stub__doprnt || defined __stub____doprnt
| choke me
| #endif
| 
| int
| main ()
| {
| return _doprnt ();
|   ;
|   return 0;
| }
configure:20354: result: no
configure:20372: checking for memset
configure:20428: gcc -o conftest  -ansi -pedantic -Wall -W -Wundef -Wshadow -Wpointer-arith -Wbad-function-cast -Wcast-qual -Wcast-align -Wwrite-strings -Wconversion -Wsign-compare -Waggregate-return -Wstrict-prototypes -Wmissing-prototypes -Wmissing-declarations -Wredundant-decls -Wnested-externs -Winline -O -fomit-frame-pointer -finline-functions    conftest.c  -lm >&5
conftest.c:49:1: warning: function declaration isn't a prototype [-Wstrict-prototypes]
 char memset ();
 ^
conftest.c:49:6: warning: conflicting types for built-in function 'memset' [enabled by default]
 char memset ();
      ^
conftest.c:58:1: warning: function declaration isn't a prototype [-Wstrict-prototypes]
 main ()
 ^
configure:20434: $? = 0
configure:20452: result: yes
configure:20466: checking if encoding enabled
configure:20615: creating ./config.status

## ---------------------- ##
## Running config.status. ##
## ---------------------- ##

This file was extended by SZIP config.status 2.1, which was
generated by GNU Autoconf 2.61.  Invocation command line was

  CONFIG_FILES    = 
  CONFIG_HEADERS  = 
  CONFIG_LINKS    = 
  CONFIG_COMMANDS = 
  $ ./config.status 

on clonioc2.jlab.org

config.status:667: creating Makefile
config.status:667: creating examples/Makefile
config.status:667: creating src/Makefile
config.status:667: creating test/Makefile
config.status:667: creating src/SZconfig.h
config.status:901: src/SZconfig.h is unchanged
config.status:947: executing depfiles commands

## ---------------- ##
## Cache variables. ##
## ---------------- ##

ac_cv_build=x86_64-unknown-linux-gnu
ac_cv_c_compiler_gnu=yes
ac_cv_c_const=yes
ac_cv_cxx_compiler_gnu=yes
ac_cv_env_CCC_set=
ac_cv_env_CCC_value=
ac_cv_env_CC_set=
ac_cv_env_CC_value=
ac_cv_env_CFLAGS_set=
ac_cv_env_CFLAGS_value=
ac_cv_env_CPPFLAGS_set=
ac_cv_env_CPPFLAGS_value=
ac_cv_env_CPP_set=
ac_cv_env_CPP_value=
ac_cv_env_CXXCPP_set=
ac_cv_env_CXXCPP_value=
ac_cv_env_CXXFLAGS_set=
ac_cv_env_CXXFLAGS_value=
ac_cv_env_CXX_set=
ac_cv_env_CXX_value=
ac_cv_env_F77_set=
ac_cv_env_F77_value=
ac_cv_env_FFLAGS_set=
ac_cv_env_FFLAGS_value=
ac_cv_env_LDFLAGS_set=
ac_cv_env_LDFLAGS_value=
ac_cv_env_LIBS_set=
ac_cv_env_LIBS_value=
ac_cv_env_build_alias_set=
ac_cv_env_build_alias_value=
ac_cv_env_host_alias_set=
ac_cv_env_host_alias_value=
ac_cv_env_target_alias_set=
ac_cv_env_target_alias_value=
ac_cv_f77_compiler_gnu=yes
ac_cv_func__doprnt=no
ac_cv_func_dlopen=no
ac_cv_func_memcmp_working=yes
ac_cv_func_memset=yes
ac_cv_func_shl_load=no
ac_cv_func_vprintf=yes
ac_cv_header_dlfcn_h=yes
ac_cv_header_fcntl_h=yes
ac_cv_header_inttypes_h=yes
ac_cv_header_memory_h=yes
ac_cv_header_stdc=yes
ac_cv_header_stdint_h=yes
ac_cv_header_stdlib_h=yes
ac_cv_header_string_h=yes
ac_cv_header_strings_h=yes
ac_cv_header_sys_stat_h=yes
ac_cv_header_sys_types_h=yes
ac_cv_header_unistd_h=yes
ac_cv_host=x86_64-unknown-linux-gnu
ac_cv_lib_dl_dlopen=yes
ac_cv_lib_dld_shl_load=no
ac_cv_lib_error_at_line=yes
ac_cv_objext=o
ac_cv_path_EGREP='/usr/bin/grep -E'
ac_cv_path_GREP=/usr/bin/grep
ac_cv_path_install='/usr/bin/install -c'
ac_cv_path_mkdir=/usr/bin/mkdir
ac_cv_prog_AR=ar
ac_cv_prog_AWK=gawk
ac_cv_prog_CPP='gcc -E'
ac_cv_prog_CXXCPP='g++ -E'
ac_cv_prog_ac_ct_CC=gcc
ac_cv_prog_ac_ct_CXX=g++
ac_cv_prog_ac_ct_F77=gfortran
ac_cv_prog_ac_ct_RANLIB=ranlib
ac_cv_prog_ac_ct_STRIP=strip
ac_cv_prog_cc_c89=
ac_cv_prog_cc_g=yes
ac_cv_prog_cxx_g=yes
ac_cv_prog_f77_g=yes
ac_cv_prog_make_make_set=yes
ac_cv_type_size_t=yes
am_cv_CC_dependencies_compiler_type=gcc3
am_cv_CXX_dependencies_compiler_type=gcc3
lt_cv_deplibs_check_method=pass_all
lt_cv_dlopen=dlopen
lt_cv_dlopen_libs=-ldl
lt_cv_dlopen_self=yes
lt_cv_dlopen_self_static=yes
lt_cv_file_magic_cmd='$MAGIC_CMD'
lt_cv_file_magic_test_file=
lt_cv_ld_reload_flag=-r
lt_cv_objdir=.libs
lt_cv_path_LD=/usr/bin/ld
lt_cv_path_LDCXX='/usr/bin/ld -m elf_x86_64'
lt_cv_path_NM='/usr/bin/nm -B'
lt_cv_path_SED=/usr/bin/sed
lt_cv_prog_compiler_c_o=yes
lt_cv_prog_compiler_c_o_CXX=yes
lt_cv_prog_compiler_c_o_F77=yes
lt_cv_prog_compiler_rtti_exceptions=no
lt_cv_prog_gnu_ld=yes
lt_cv_prog_gnu_ldcxx=yes
lt_cv_sys_global_symbol_pipe='sed -n -e '\''s/^.*[ 	]\([ABCDGIRSTW][ABCDGIRSTW]*\)[ 	][ 	]*\([_A-Za-z][_A-Za-z0-9]*\)$/\1 \2 \2/p'\'''
lt_cv_sys_global_symbol_to_c_name_address='sed -n -e '\''s/^: \([^ ]*\) $/  {\"\1\", (lt_ptr) 0},/p'\'' -e '\''s/^[BCDEGRST] \([^ ]*\) \([^ ]*\)$/  {"\2", (lt_ptr) \&\2},/p'\'''
lt_cv_sys_global_symbol_to_cdecl='sed -n -e '\''s/^. .* \(.*\)$/extern int \1;/p'\'''
lt_cv_sys_max_cmd_len=32768
lt_lt_cv_prog_compiler_c_o='"yes"'
lt_lt_cv_prog_compiler_c_o_CXX='"yes"'
lt_lt_cv_prog_compiler_c_o_F77='"yes"'
lt_lt_cv_sys_global_symbol_pipe='"sed -n -e '\''s/^.*[ 	]\\([ABCDGIRSTW][ABCDGIRSTW]*\\)[ 	][ 	]*\\([_A-Za-z][_A-Za-z0-9]*\\)\$/\\1 \\2 \\2/p'\''"'
lt_lt_cv_sys_global_symbol_to_c_name_address='"sed -n -e '\''s/^: \\([^ ]*\\) \$/  {\\\"\\1\\\", (lt_ptr) 0},/p'\'' -e '\''s/^[BCDEGRST] \\([^ ]*\\) \\([^ ]*\\)\$/  {\"\\2\", (lt_ptr) \\&\\2},/p'\''"'
lt_lt_cv_sys_global_symbol_to_cdecl='"sed -n -e '\''s/^. .* \\(.*\\)\$/extern int \\1;/p'\''"'

## ----------------- ##
## Output variables. ##
## ----------------- ##

ACLOCAL='${SHELL} /usr/clas12/third-party-libs/szip-2.1/bin/missing --run aclocal-1.10'
AMDEPBACKSLASH='\'
AMDEP_FALSE='#'
AMDEP_TRUE=''
AMTAR='${SHELL} /usr/clas12/third-party-libs/szip-2.1/bin/missing --run tar'
AR='ar'
AUTOCONF='${SHELL} /usr/clas12/third-party-libs/szip-2.1/bin/missing --run autoconf'
AUTOHEADER='${SHELL} /usr/clas12/third-party-libs/szip-2.1/bin/missing --run autoheader'
AUTOMAKE='${SHELL} /usr/clas12/third-party-libs/szip-2.1/bin/missing --run automake-1.10'
AWK='gawk'
CC='gcc'
CCDEPMODE='depmode=gcc3'
CFLAGS=' -ansi -pedantic -Wall -W -Wundef -Wshadow -Wpointer-arith -Wbad-function-cast -Wcast-qual -Wcast-align -Wwrite-strings -Wconversion -Wsign-compare -Waggregate-return -Wstrict-prototypes -Wmissing-prototypes -Wmissing-declarations -Wredundant-decls -Wnested-externs -Winline -O -fomit-frame-pointer -finline-functions'
CPP='gcc -E'
CPPFLAGS=' '
CXX='g++'
CXXCPP='g++ -E'
CXXDEPMODE='depmode=gcc3'
CXXFLAGS='-g -O2'
CYGPATH_W='echo'
DEFS='-DHAVE_CONFIG_H'
DEPDIR='.deps'
ECHO='echo'
ECHO_C=''
ECHO_N='-n'
ECHO_T=''
EGREP='/usr/bin/grep -E'
EXEEXT=''
F77='gfortran'
FFLAGS='-g -O2'
GREP='/usr/bin/grep'
INSTALL_DATA='${INSTALL} -m 644'
INSTALL_PROGRAM='${INSTALL}'
INSTALL_SCRIPT='${INSTALL}'
INSTALL_STRIP_PROGRAM='$(install_sh) -c -s'
LDFLAGS=''
LIBOBJS=''
LIBS=' -lm'
LIBTOOL='$(SHELL) $(top_builddir)/libtool'
LN_S='ln -s'
LTLIBOBJS=''
MAINT='#'
MAINTAINER_MODE_FALSE=''
MAINTAINER_MODE_TRUE='#'
MAKEINFO='${SHELL} /usr/clas12/third-party-libs/szip-2.1/bin/missing --run makeinfo'
OBJEXT='o'
PACKAGE='szip'
PACKAGE_BUGREPORT='help@hdfgroup.org'
PACKAGE_NAME='SZIP'
PACKAGE_STRING='SZIP 2.1'
PACKAGE_TARNAME='szip'
PACKAGE_VERSION='2.1'
PATH_SEPARATOR=':'
RANLIB='ranlib'
SET_MAKE=''
SHELL='/bin/sh'
STRIP='strip'
VERSION='2.1'
ac_ct_CC='gcc'
ac_ct_CXX='g++'
ac_ct_F77='gfortran'
am__fastdepCC_FALSE='#'
am__fastdepCC_TRUE=''
am__fastdepCXX_FALSE='#'
am__fastdepCXX_TRUE=''
am__include='include'
am__isrc=''
am__leading_dot='.'
am__quote=''
am__tar='${AMTAR} chof - "$$tardir"'
am__untar='${AMTAR} xf -'
bindir='${exec_prefix}/bin'
build='x86_64-unknown-linux-gnu'
build_alias=''
build_cpu='x86_64'
build_os='linux-gnu'
build_vendor='unknown'
datadir='${datarootdir}'
datarootdir='${prefix}/share'
docdir='${datarootdir}/doc/${PACKAGE_TARNAME}'
dvidir='${docdir}'
exec_prefix='${prefix}'
host='x86_64-unknown-linux-gnu'
host_alias=''
host_cpu='x86_64'
host_os='linux-gnu'
host_vendor='unknown'
htmldir='${docdir}'
includedir='${prefix}/include'
infodir='${datarootdir}/info'
install_sh='$(SHELL) /usr/clas12/third-party-libs/szip-2.1/bin/install-sh'
libdir='${exec_prefix}/lib'
libexecdir='${exec_prefix}/libexec'
localedir='${datarootdir}/locale'
localstatedir='${prefix}/var'
mandir='${datarootdir}/man'
mkdir_p='/usr/bin/mkdir -p'
oldincludedir='/usr/include'
pdfdir='${docdir}'
prefix='/usr/clas12/third-party-libs/szip-2.1/x86_64'
program_transform_name='s,x,x,'
psdir='${docdir}'
sbindir='${exec_prefix}/sbin'
sharedstatedir='${prefix}/com'
sysconfdir='${prefix}/etc'
target_alias=''

## ----------- ##
## confdefs.h. ##
## ----------- ##

#define PACKAGE_NAME "SZIP"
#define PACKAGE_TARNAME "szip"
#define PACKAGE_VERSION "2.1"
#define PACKAGE_STRING "SZIP 2.1"
#define PACKAGE_BUGREPORT "help@hdfgroup.org"
#define PACKAGE "szip"
#define VERSION "2.1"
#define STDC_HEADERS 1
#define HAVE_SYS_TYPES_H 1
#define HAVE_SYS_STAT_H 1
#define HAVE_STDLIB_H 1
#define HAVE_STRING_H 1
#define HAVE_MEMORY_H 1
#define HAVE_STRINGS_H 1
#define HAVE_INTTYPES_H 1
#define HAVE_STDINT_H 1
#define HAVE_UNISTD_H 1
#define HAVE_DLFCN_H 1
#define STDC_HEADERS 1
#define HAVE_FCNTL_H 1
#define HAVE_STDLIB_H 1
#define HAVE_STRING_H 1
#define HAVE_VPRINTF 1
#define HAVE_MEMSET 1
#define HAVE_ENCODING 1

configure: exit 0
